0 info it worked if it ends with ok
1 verbose cli [ 'c:\\Program Files (x86)\\nodejs\\node.exe',
1 verbose cli   'c:\\Program Files (x86)\\nodejs\\node_modules\\npm\\bin\\npm-cli.js',
1 verbose cli   'install',
1 verbose cli   '-g',
1 verbose cli   'imagemin,js' ]
2 info using npm@1.4.28
3 info using node@v0.10.35
4 verbose cache add [ 'imagemin,js', null ]
5 verbose cache add name=undefined spec="imagemin,js" args=["imagemin,js",null]
6 verbose parsed url { protocol: null,
6 verbose parsed url   slashes: null,
6 verbose parsed url   auth: null,
6 verbose parsed url   host: null,
6 verbose parsed url   port: null,
6 verbose parsed url   hostname: null,
6 verbose parsed url   hash: null,
6 verbose parsed url   search: null,
6 verbose parsed url   query: null,
6 verbose parsed url   pathname: 'imagemin,js',
6 verbose parsed url   path: 'imagemin,js',
6 verbose parsed url   href: 'imagemin,js' }
7 silly lockFile 2c0206eb-imagemin-js imagemin,js
8 verbose lock imagemin,js C:\Users\Donald\AppData\Roaming\npm-cache\2c0206eb-imagemin-js.lock
9 silly lockFile 2c0206eb-imagemin-js imagemin,js
10 silly lockFile 2c0206eb-imagemin-js imagemin,js
11 verbose addNamed [ 'imagemin,js', '' ]
12 verbose addNamed [ null, '*' ]
13 silly lockFile 3a618cbf-imagemin-js imagemin,js@
14 verbose lock imagemin,js@ C:\Users\Donald\AppData\Roaming\npm-cache\3a618cbf-imagemin-js.lock
15 silly addNameRange { name: 'imagemin,js', range: '*', hasData: false }
16 verbose request where is /imagemin,js
17 verbose request registry https://registry.npmjs.org/
18 verbose request id 966f83e113435061
19 verbose url raw /imagemin,js
20 verbose url resolving [ 'https://registry.npmjs.org/', './imagemin%2Cjs' ]
21 verbose url resolved https://registry.npmjs.org/imagemin%2Cjs
22 verbose request where is https://registry.npmjs.org/imagemin%2Cjs
23 info trying registry request attempt 1 at 21:47:57
24 http GET https://registry.npmjs.org/imagemin%2Cjs
25 http 404 https://registry.npmjs.org/imagemin%2Cjs
26 verbose headers { date: 'Mon, 26 Jan 2015 05:48:03 GMT',
26 verbose headers   server: 'CouchDB/1.5.0 (Erlang OTP/R16B03)',
26 verbose headers   'content-type': 'application/json',
26 verbose headers   'cache-control': 'max-age=0',
26 verbose headers   'content-length': '52',
26 verbose headers   'accept-ranges': 'bytes',
26 verbose headers   via: '1.1 varnish',
26 verbose headers   age: '0',
26 verbose headers   'x-served-by': 'cache-sjc3129-SJC',
26 verbose headers   'x-cache': 'MISS',
26 verbose headers   'x-cache-hits': '0',
26 verbose headers   'x-timer': 'S1422251283.478803,VS0,VE145',
26 verbose headers   'keep-alive': 'timeout=10, max=50',
26 verbose headers   connection: 'Keep-Alive' }
27 silly registry.get cb [ 404,
27 silly registry.get   { date: 'Mon, 26 Jan 2015 05:48:03 GMT',
27 silly registry.get     server: 'CouchDB/1.5.0 (Erlang OTP/R16B03)',
27 silly registry.get     'content-type': 'application/json',
27 silly registry.get     'cache-control': 'max-age=0',
27 silly registry.get     'content-length': '52',
27 silly registry.get     'accept-ranges': 'bytes',
27 silly registry.get     via: '1.1 varnish',
27 silly registry.get     age: '0',
27 silly registry.get     'x-served-by': 'cache-sjc3129-SJC',
27 silly registry.get     'x-cache': 'MISS',
27 silly registry.get     'x-cache-hits': '0',
27 silly registry.get     'x-timer': 'S1422251283.478803,VS0,VE145',
27 silly registry.get     'keep-alive': 'timeout=10, max=50',
27 silly registry.get     connection: 'Keep-Alive' } ]
28 silly lockFile 3a618cbf-imagemin-js imagemin,js@
29 silly lockFile 3a618cbf-imagemin-js imagemin,js@
30 error 404 404 Not Found: imagemin%2Cjs
30 error 404
30 error 404 'imagemin%2Cjs' is not in the npm registry.
30 error 404 You should bug the author to publish it
30 error 404
30 error 404 Note that you can also install from a
30 error 404 tarball, folder, or http url, or git url.
31 error System Windows_NT 6.2.9200
32 error command "c:\\Program Files (x86)\\nodejs\\node.exe" "c:\\Program Files (x86)\\nodejs\\node_modules\\npm\\bin\\npm-cli.js" "install" "-g" "imagemin,js"
33 error cwd d:\DB\Dropbox\`Spring 2015\IAT 381\Assignment 1\quizAng
34 error node -v v0.10.35
35 error npm -v 1.4.28
36 error code E404
37 verbose exit [ 1, true ]
